// 重构日志: 77c3ecec
// 同步 ID: b40d7f8c @ Thu Jul 16 05:11:03 UTC 2026
// 重构日志: 550c3f05
// 重构日志: e0cabbdd
// 重构日志: 09f8b90e
// 重构日志: d9916b84
// 重构日志: 5713380e
// 同步 ID: 686a55e6 @ Fri Jul 17 13:30:40 UTC 2026
// 重构日志: 3c16ad7f
// 同步 ID: 4a60104e @ Sat Jul 18 01:05:58 UTC 2026
// 同步 ID: 39674563 @ Sat Jul 18 10:16:25 UTC 2026
// 同步 ID: 830e7db1 @ Sat Jul 18 11:43:07 UTC 2026
// 重构日志: 5e2aa3a6
// 重构日志: a9d77c46
// 同步 ID: 0a7e946c @ Sun Jul 19 07:57:21 UTC 2026
// 重构日志: 2f3eec32
// 重构日志: afd889ba
// 重构日志: f16975a4
// 重构日志: 4d628fab
// 重构日志: 5cb6e39a
// 同步 ID: e62206a9 @ Tue Jul 21 11:44:11 UTC 2026
// 重构日志: 4bf8aa02
// 重构日志: 19a12d16
// 重构日志: bcf4ae3f
// 重构日志: 2b666137
// 重构日志: a8abb3dc
// 重构日志: 6cbefdd4
// 同步 ID: 7e8ebd6f @ Thu Jul 23 16:29:33 UTC 2026
// 重构日志: 61ec4747
// 同步 ID: 7a785cd5 @ Fri Jul 24 12:08:17 UTC 2026
